<?xml version="1.0" encoding="UTF-8"?>
<!-- Generated by org.testng.reporters.JUnitReportReporter -->
<testsuite hostname="LAPTOP-KBV6SF0Q" failures="0" tests="1" name="mock.TC_002_Functional" time="8.533" errors="0" timestamp="2024-03-08T22:31:58 IST" skipped="0">
  <testcase classname="mock.TC_002_Functional" name="test_login" time="8.533"/>
</testsuite> <!-- mock.TC_002_Functional -->
