<?xml version="1.0" encoding="UTF-8"?>
<!-- Generated by org.testng.reporters.JUnitReportReporter -->
<testsuite hostname="LAPTOP-KBV6SF0Q" failures="0" tests="10" name="mock.UI_Testing" time="77.050" errors="0" timestamp="2024-03-08T11:26:13 IST" skipped="0">
  <testcase classname="mock.UI_Testing" name="browser1" time="8.058"/>
  <testcase classname="mock.UI_Testing" name="browser1" time="9.489"/>
  <testcase classname="mock.UI_Testing" name="browser2" time="6.158"/>
  <testcase classname="mock.UI_Testing" name="browser2" time="8.353"/>
  <testcase classname="mock.UI_Testing" name="browser3" time="8.004"/>
  <testcase classname="mock.UI_Testing" name="browser3" time="9.750"/>
  <testcase classname="mock.UI_Testing" name="browser4" time="7.110"/>
  <testcase classname="mock.UI_Testing" name="browser4" time="7.378"/>
  <testcase classname="mock.UI_Testing" name="browser5" time="6.872"/>
  <testcase classname="mock.UI_Testing" name="browser5" time="5.878"/>
</testsuite> <!-- mock.UI_Testing -->
